(73230, 160) (73230, 1)
2016-04-16, 03:31:15  PCA training (n_components=150)...
2016-04-16, 03:31:20  PCA done.
Saving data to file(../result/62x62_3_e2_0264/pca_CASIA-WebFace.pkl). 
(73230, 150)
prepare done, maxNumberInOneClass= 646
2016-04-16, 03:31:35  Iterations-0: 0.00559285038752
Saving data to file(../result/62x62_3_e2_0264/G.pkl). 
Saving data to file(../result/62x62_3_e2_0264/A.pkl). 
2016-04-16, 03:31:40  Iterations-1: 0.00784193047892
2016-04-16, 03:31:45  Iterations-2: 0.00781653762942
2016-04-16, 03:31:49  Iterations-3: 0.00695089997273
2016-04-16, 03:31:54  Iterations-4: 0.0057381067299
2016-04-16, 03:31:59  Iterations-5: 0.00475308394261
Saving data to file(../result/62x62_3_e2_0264/G.pkl). 
Saving data to file(../result/62x62_3_e2_0264/A.pkl). 
2016-04-16, 03:32:04  Iterations-6: 0.00399849437748
Saving data to file(../result/62x62_3_e2_0264/G.pkl). 
Saving data to file(../result/62x62_3_e2_0264/A.pkl). 
2016-04-16, 03:32:08  Iterations-7: 0.00337606316753
Saving data to file(../result/62x62_3_e2_0264/G.pkl). 
Saving data to file(../result/62x62_3_e2_0264/A.pkl). 
2016-04-16, 03:32:13  Iterations-8: 0.00294572401458
Saving data to file(../result/62x62_3_e2_0264/G.pkl). 
Saving data to file(../result/62x62_3_e2_0264/A.pkl). 
2016-04-16, 03:32:18  Iterations-9: 0.00273289713096
Saving data to file(../result/62x62_3_e2_0264/G.pkl). 
Saving data to file(../result/62x62_3_e2_0264/A.pkl). 
2016-04-16, 03:32:23  Iterations-10: 0.00257572197606
Saving data to file(../result/62x62_3_e2_0264/G.pkl). 
Saving data to file(../result/62x62_3_e2_0264/A.pkl). 
2016-04-16, 03:32:27  Iterations-11: 0.00230279682807
Saving data to file(../result/62x62_3_e2_0264/G.pkl). 
Saving data to file(../result/62x62_3_e2_0264/A.pkl). 
2016-04-16, 03:32:32  Iterations-12: 0.00193590935749
Saving data to file(../result/62x62_3_e2_0264/G.pkl). 
Saving data to file(../result/62x62_3_e2_0264/A.pkl). 
2016-04-16, 03:32:37  Iterations-13: 0.00162255406961
Saving data to file(../result/62x62_3_e2_0264/G.pkl). 
Saving data to file(../result/62x62_3_e2_0264/A.pkl). 
2016-04-16, 03:32:42  Iterations-14: 0.00161007067924
Saving data to file(../result/62x62_3_e2_0264/G.pkl). 
Saving data to file(../result/62x62_3_e2_0264/A.pkl). 
2016-04-16, 03:32:46  Iterations-15: 0.00187599121264
2016-04-16, 03:32:51  Iterations-16: 0.00219899205457
2016-04-16, 03:32:56  Iterations-17: 0.00229260323344
2016-04-16, 03:33:00  Iterations-18: 0.0020303680883
2016-04-16, 03:33:05  Iterations-19: 0.0017533394011
2016-04-16, 03:33:10  Iterations-20: 0.00130896307664
Saving data to file(../result/62x62_3_e2_0264/G.pkl). 
Saving data to file(../result/62x62_3_e2_0264/A.pkl). 
2016-04-16, 03:33:14  Iterations-21: 0.000767437445379
Saving data to file(../result/62x62_3_e2_0264/G.pkl). 
Saving data to file(../result/62x62_3_e2_0264/A.pkl). 
2016-04-16, 03:33:19  Iterations-22: 0.000796771566324
2016-04-16, 03:33:24  Iterations-23: 0.000800712733149
2016-04-16, 03:33:28  Iterations-24: 0.000530860251382
Saving data to file(../result/62x62_3_e2_0264/G.pkl). 
Saving data to file(../result/62x62_3_e2_0264/A.pkl). 
2016-04-16, 03:33:33  Iterations-25: 0.000309897995137
Saving data to file(../result/62x62_3_e2_0264/G.pkl). 
Saving data to file(../result/62x62_3_e2_0264/A.pkl). 
2016-04-16, 03:33:38  Iterations-26: 0.000360977935574
2016-04-16, 03:33:43  Iterations-27: 0.000451878080484
2016-04-16, 03:33:47  Iterations-28: 0.000574895556804
2016-04-16, 03:33:52  Iterations-29: 0.000736605399871
2016-04-16, 03:33:57  Iterations-30: 0.000927201366857
2016-04-16, 03:34:01  Iterations-31: 0.00106825409288
2016-04-16, 03:34:06  Iterations-32: 0.000921845052236
2016-04-16, 03:34:11  Iterations-33: 0.000380189590567
2016-04-16, 03:34:15  Iterations-34: 3.74399340868e-05
Saving data to file(../result/62x62_3_e2_0264/G.pkl). 
Saving data to file(../result/62x62_3_e2_0264/A.pkl). 
2016-04-16, 03:34:20  Iterations-35: 1.20543678621e-06
Saving data to file(../result/62x62_3_e2_0264/G.pkl). 
Saving data to file(../result/62x62_3_e2_0264/A.pkl). 
2016-04-16, 03:34:25  Iterations-36: 9.45928813324e-07
Convergence:  36 9.45928813324e-07
Saving data to file(../result/62x62_3_e2_0264/G_con.pkl). 
Saving data to file(../result/62x62_3_e2_0264/A_con.pkl). 