(73230, 160) (73230, 1)
2016-04-16, 04:05:38  PCA training (n_components=150)...
2016-04-16, 04:05:43  PCA done.
Saving data to file(../result/62x62_3_e2_8460/pca_CASIA-WebFace.pkl). 
(73230, 150)
prepare done, maxNumberInOneClass= 646
2016-04-16, 04:05:58  Iterations-0: 0.00561519218892
Saving data to file(../result/62x62_3_e2_8460/G.pkl). 
Saving data to file(../result/62x62_3_e2_8460/A.pkl). 
2016-04-16, 04:06:03  Iterations-1: 0.00783838604738
2016-04-16, 04:06:08  Iterations-2: 0.00790074181395
2016-04-16, 04:06:12  Iterations-3: 0.00725133255713
2016-04-16, 04:06:17  Iterations-4: 0.0060827726027
2016-04-16, 04:06:22  Iterations-5: 0.00491618413531
Saving data to file(../result/62x62_3_e2_8460/G.pkl). 
Saving data to file(../result/62x62_3_e2_8460/A.pkl). 
2016-04-16, 04:06:26  Iterations-6: 0.00392613905548
Saving data to file(../result/62x62_3_e2_8460/G.pkl). 
Saving data to file(../result/62x62_3_e2_8460/A.pkl). 
2016-04-16, 04:06:31  Iterations-7: 0.00321130016665
Saving data to file(../result/62x62_3_e2_8460/G.pkl). 
Saving data to file(../result/62x62_3_e2_8460/A.pkl). 
2016-04-16, 04:06:36  Iterations-8: 0.00284534343492
Saving data to file(../result/62x62_3_e2_8460/G.pkl). 
Saving data to file(../result/62x62_3_e2_8460/A.pkl). 
2016-04-16, 04:06:40  Iterations-9: 0.00266332502905
Saving data to file(../result/62x62_3_e2_8460/G.pkl). 
Saving data to file(../result/62x62_3_e2_8460/A.pkl). 
2016-04-16, 04:06:45  Iterations-10: 0.00254598517543
Saving data to file(../result/62x62_3_e2_8460/G.pkl). 
Saving data to file(../result/62x62_3_e2_8460/A.pkl). 
2016-04-16, 04:06:50  Iterations-11: 0.00241126148413
Saving data to file(../result/62x62_3_e2_8460/G.pkl). 
Saving data to file(../result/62x62_3_e2_8460/A.pkl). 
2016-04-16, 04:06:55  Iterations-12: 0.00218415076343
Saving data to file(../result/62x62_3_e2_8460/G.pkl). 
Saving data to file(../result/62x62_3_e2_8460/A.pkl). 
2016-04-16, 04:06:59  Iterations-13: 0.00196644733277
Saving data to file(../result/62x62_3_e2_8460/G.pkl). 
Saving data to file(../result/62x62_3_e2_8460/A.pkl). 
2016-04-16, 04:07:04  Iterations-14: 0.00183070223394
Saving data to file(../result/62x62_3_e2_8460/G.pkl). 
Saving data to file(../result/62x62_3_e2_8460/A.pkl). 
2016-04-16, 04:07:09  Iterations-15: 0.00175847692661
Saving data to file(../result/62x62_3_e2_8460/G.pkl). 
Saving data to file(../result/62x62_3_e2_8460/A.pkl). 
2016-04-16, 04:07:14  Iterations-16: 0.00166017079466
Saving data to file(../result/62x62_3_e2_8460/G.pkl). 
Saving data to file(../result/62x62_3_e2_8460/A.pkl). 
2016-04-16, 04:07:19  Iterations-17: 0.00157270684749
Saving data to file(../result/62x62_3_e2_8460/G.pkl). 
Saving data to file(../result/62x62_3_e2_8460/A.pkl). 
2016-04-16, 04:07:23  Iterations-18: 0.00146954164597
Saving data to file(../result/62x62_3_e2_8460/G.pkl). 
Saving data to file(../result/62x62_3_e2_8460/A.pkl). 
2016-04-16, 04:07:28  Iterations-19: 0.00147333129111
2016-04-16, 04:07:33  Iterations-20: 0.00154509528841
2016-04-16, 04:07:37  Iterations-21: 0.00170236829248
2016-04-16, 04:07:42  Iterations-22: 0.00158794754433
2016-04-16, 04:07:47  Iterations-23: 0.0008102485216
Saving data to file(../result/62x62_3_e2_8460/G.pkl). 
Saving data to file(../result/62x62_3_e2_8460/A.pkl). 
2016-04-16, 04:07:52  Iterations-24: 0.000123677393451
Saving data to file(../result/62x62_3_e2_8460/G.pkl). 
Saving data to file(../result/62x62_3_e2_8460/A.pkl). 
2016-04-16, 04:07:56  Iterations-25: 4.07008408974e-05
Saving data to file(../result/62x62_3_e2_8460/G.pkl). 
Saving data to file(../result/62x62_3_e2_8460/A.pkl). 
2016-04-16, 04:08:01  Iterations-26: 4.04431985289e-05
Saving data to file(../result/62x62_3_e2_8460/G.pkl). 
Saving data to file(../result/62x62_3_e2_8460/A.pkl). 
2016-04-16, 04:08:06  Iterations-27: 4.04327772183e-05
Saving data to file(../result/62x62_3_e2_8460/G.pkl). 
Saving data to file(../result/62x62_3_e2_8460/A.pkl). 
2016-04-16, 04:08:11  Iterations-28: 4.06138933759e-05
2016-04-16, 04:08:15  Iterations-29: 4.09884980133e-05
2016-04-16, 04:08:20  Iterations-30: 4.15623590844e-05
2016-04-16, 04:08:25  Iterations-31: 4.23449670615e-05
2016-04-16, 04:08:29  Iterations-32: 4.33498370817e-05
2016-04-16, 04:08:34  Iterations-33: 4.45950190146e-05
2016-04-16, 04:08:39  Iterations-34: 4.61038081725e-05
2016-04-16, 04:08:43  Iterations-35: 4.79056945754e-05
2016-04-16, 04:08:48  Iterations-36: 5.00376149946e-05
2016-04-16, 04:08:52  Iterations-37: 5.25455991112e-05
2016-04-16, 04:08:57  Iterations-38: 5.54869366288e-05
2016-04-16, 04:09:02  Iterations-39: 5.89330419889e-05
2016-04-16, 04:09:06  Iterations-40: 6.29732647583e-05
2016-04-16, 04:09:11  Iterations-41: 6.77199975937e-05
2016-04-16, 04:09:16  Iterations-42: 7.33155863827e-05
2016-04-16, 04:09:20  Iterations-43: 7.99417743617e-05
2016-04-16, 04:09:25  Iterations-44: 8.78327540438e-05
2016-04-16, 04:09:30  Iterations-45: 9.72934214722e-05
2016-04-16, 04:09:34  Iterations-46: 0.000108725228266
2016-04-16, 04:09:39  Iterations-47: 0.000122663269161
2016-04-16, 04:09:44  Iterations-48: 0.000139830178178
2016-04-16, 04:09:48  Iterations-49: 0.000161215413725
2016-04-16, 04:09:53  Iterations-50: 0.000188193105462
2016-04-16, 04:09:57  Iterations-51: 0.000222698314356
2016-04-16, 04:10:02  Iterations-52: 0.000267490039247
2016-04-16, 04:10:07  Iterations-53: 0.000326535554396
2016-04-16, 04:10:11  Iterations-54: 0.000405536475414
2016-04-16, 04:10:16  Iterations-55: 0.000512514959626
2016-04-16, 04:10:21  Iterations-56: 0.000657959542943
2016-04-16, 04:10:25  Iterations-57: 0.00085257099066
2016-04-16, 04:10:30  Iterations-58: 0.00109616065801
2016-04-16, 04:10:35  Iterations-59: 0.00134015653122
2016-04-16, 04:10:39  Iterations-60: 0.00139802743339
2016-04-16, 04:10:44  Iterations-61: 0.000944575859717
2016-04-16, 04:10:49  Iterations-62: 0.000239774054354
2016-04-16, 04:10:53  Iterations-63: 1.03614029643e-05
Saving data to file(../result/62x62_3_e2_8460/G.pkl). 
Saving data to file(../result/62x62_3_e2_8460/A.pkl). 
2016-04-16, 04:10:58  Iterations-64: 4.63580017772e-07
Convergence:  64 4.63580017772e-07
Saving data to file(../result/62x62_3_e2_8460/G_con.pkl). 
Saving data to file(../result/62x62_3_e2_8460/A_con.pkl). 
